Frame 590
0
1
0
1
1
0
1
0
Frame 591
0
1
0
1
1
0
1
0
Frame 592
0
1
0
1
1
0
1
0
Frame 593
0
1
0
1
1
0
1
0
Frame 594
0
1
0
1
1
0
1
0
Frame 595
0
1
0
1
1
0
1
0
Frame 596
0
1
0
1
0
0
1
1
0
Frame 597
0
1
0
1
0
1
1
0
Frame 598
0
1
0
1
0
0
1
1
0
Frame 599
0
1
0
1
0
1
1
0
Frame 600
0
1
0
1
0
1
1
0
Frame 601
0
1
0
1
0
1
1
0
1
Frame 602
0
1
0
1
0
1
1
0
Frame 603
0
1
0
1
0
1
1
0
Frame 604
0
1
0
0
1
1
1
0
Frame 605
0
1
0
0
1
1
1
0
Frame 606
0
1
0
0
1
1
1
0
Frame 607
0
1
0
0
1
1
1
0
Frame 608
0
1
0
0
1
1
1
0
Frame 609
0
1
0
0
1
1
1
0
Frame 610
0
1
0
0
1
1
1
0
Frame 611
0
1
0
0
1
1
1
0
Frame 612
1
0
0
1
1
1
0
Frame 613
1
0
0
1
1
1
0
Frame 614
0
1
0
0
1
1
1
0
Frame 615
0
1
0
0
1
1
1
0
Frame 616
0
1
0
0
1
1
1
0
Frame 617
1
0
0
1
1
1
0
Frame 618
0
1
0
0
1
1
1
0
Frame 619
0
1
0
0
1
1
1
0
Frame 620
1
0
0
1
1
1
0
Frame 621
1
0
0
1
1
1
0
Frame 622
1
0
0
1
1
1
0
Frame 623
1
0
0
1
1
1
0
Frame 624
1
0
0
1
1
1
0
Frame 625
1
0
0
1
1
1
0
Frame 626
1
0
0
1
1
1
0
Frame 627
1
0
0
1
1
1
0
Frame 628
1
0
0
1
1
1
0
Frame 629
1
0
0
1
1
1
0
Frame 630
1
0
0
1
1
1
0
Frame 631
1
0
0
1
1
1
0
Frame 632
1
0
0
1
1
1
0
Frame 633
1
0
0
1
1
1
0
Frame 634
1
0
0
1
1
1
0
Frame 635
1
0
0
1
1
1
0
Frame 636
1
0
0
1
1
1
0
Frame 637
1
0
0
1
1
1
0
Frame 638
1
0
0
1
1
1
0
Frame 639
0
0
1
1
1
0
Frame 640
0
0
1
1
1
0
Frame 641
0
1
0
1
1
0
Frame 642
0
1
0
1
1
0
Frame 643
0
0
1
1
1
0
Frame 644
0
0
1
1
1
0
Frame 645
1
0
1
0
1
1
0
Frame 646
0
0
1
1
1
0
Frame 647
0
0
1
1
1
0
Frame 648
1
0
1
1
1
0
Frame 649
0
0
1
1
1
0
Frame 650
0
1
0
1
1
0
Frame 651
1
1
0
1
1
0
Frame 652
0
1
0
1
1
0
Frame 653
0
1
0
1
0
Frame 654
0
1
0
1
1
0
Frame 655
0
1
0
1
0
Frame 656
0
1
0
1
0
Frame 657
0
1
0
1
0
Frame 658
0
1
0
1
0
Frame 659
1
0
1
0
1
0
Frame 660
0
1
1
0
1
0
Frame 661
1
0
1
0
1
0
Frame 662
1
0
1
0
1
0
Frame 663
1
0
1
0
1
0
Frame 664
1
0
1
0
1
0
Frame 665
0
1
0
1
0
Frame 666
0
1
0
1
0
Frame 667
0
1
0
1
0
Frame 668
0
1
0
1
0
Frame 669
1
0
1
0
1
0
Frame 670
1
0
1
0
1
0
Frame 671
1
0
1
0
1
0
Frame 672
1
0
1
0
1
0
Frame 673
1
0
1
1
1
0
Frame 674
0
0
1
1
0
Frame 675
0
1
1
1
0
Frame 676
1
0
0
1
0
Frame 677
0
1
1
0
Frame 678
0
1
1
0
Frame 679
0
1
1
0
Frame 680
0
1
1
0
Frame 681
0
1
1
0
Frame 682
0
1
1
0
Frame 683
0
1
1
0
Frame 684
1
1
0
Frame 685
1
1
1
0
Frame 686
1
1
1
0
Frame 687
1
1
1
1
0
Frame 688
1
1
1
1
0
Frame 689
1
1
0
1
0
Frame 690
1
1
0
1
0
Frame 691
1
1
0
1
0
Frame 692
1
0
1
1
0
Frame 693
0
0
1
1
0
Frame 694
0
0
1
1
0
Frame 695
0
0
1
1
0
Frame 696
0
0
1
1
0
Frame 697
1
0
1
1
0
Frame 698
1
0
1
1
1
0
Frame 699
1
0
1
1
1
0
Frame 700
1
0
1
1
0
Frame 701
0
1
1
0
Frame 702
0
1
1
1
0
Frame 703
0
1
1
1
0
Frame 704
0
1
1
0
Frame 705
1
0
1
1
0
Frame 706
1
1
1
1
0
Frame 707
1
1
1
1
0
Frame 708
1
1
1
1
0
Frame 709
1
0
1
1
0
Frame 710
1
1
1
1
1
0
Frame 711
0
1
1
1
0
Frame 712
0
1
1
1
0
Frame 713
1
1
1
1
1
0
Frame 714
0
1
1
1
0
Frame 715
0
1
1
1
0
Frame 716
0
1
1
1
1
0
Frame 717
0
1
1
1
1
0
Frame 718
0
1
1
1
1
0
Frame 719
1
0
1
1
1
0
Frame 720
1
1
1
1
0
Frame 721
1
0
1
1
0
Frame 722
0
1
1
0
Frame 723
1
0
1
1
0
Frame 724
0
1
1
1
1
0
Frame 725
0
1
1
1
0
Frame 726
0
1
1
0
Frame 727
0
0
1
1
1
0
Frame 728
0
0
1
1
1
0
Frame 729
0
1
1
1
0
Frame 730
1
0
1
1
1
0
Frame 731
1
1
1
1
0
Frame 732
1
0
1
1
0
Frame 733
0
0
1
0
Frame 734
1
0
1
1
0
Frame 735
1
0
1
1
0
Frame 736
1
0
1
1
0
Frame 737
1
0
1
1
0
Frame 738
0
1
0
Frame 739
1
1
1
0
Frame 740
1
1
0
Frame 741
1
1
0
Frame 742
0
1
1
0
Frame 743
1
1
1
0
Frame 744
1
1
1
1
0
Frame 745
0
1
1
1
0
Frame 746
0
0
1
1
1
0
Frame 747
0
1
1
1
0
Frame 748
0
0
1
0
Frame 749
0
1
0
Frame 750
0
1
0
Frame 751
1
1
0
Frame 752
0
1
1
0
Frame 753
0
1
1
0
Frame 754
0
0
1
0
Frame 755
1
0
1
0
Frame 756
0
0
1
1
0
Frame 757
0
0
1
1
0
Frame 758
0
0
0
1
1
0
Frame 759
0
1
1
0
Frame 760
0
1
1
0
Frame 761
1
1
0
Frame 762
1
1
1
0
Frame 763
0
0
0
1
1
0
Frame 764
0
1
0
1
1
0
Frame 765
0
0
1
0
1
0
Frame 766
0
1
0
1
0
Frame 767
0
1
0
1
1
0
Frame 768
1
1
1
0
1
0
Frame 769
0
1
1
0
1
0
Frame 770
0
1
1
1
0
Frame 771
0
1
1
1
0
Frame 772
0
0
1
1
0
Frame 773
0
0
1
1
0
Frame 774
0
0
1
1
0
Frame 775
1
0
1
1
0
Frame 776
1
0
1
1
0
Frame 777
0
1
1
0
Frame 778
0
1
1
0
1
0
Frame 779
0
1
0
1
1
0
Frame 780
0
1
0
1
1
0
Frame 781
0
1
0
1
0
1
0
Frame 782
0
1
0
1
0
0
Frame 783
1
0
1
1
0
Frame 784
0
1
0
1
1
1
0
Frame 785
1
0
1
0
1
0
Frame 786
0
1
0
1
1
1
0
Frame 787
1
0
1
0
0
Frame 788
0
1
0
1
0
0
Frame 789
1
0
1
0
0
Frame 790
1
0
1
1
1
0
Frame 791
1
0
1
0
0
0
Frame 792
1
0
1
1
1
0
Frame 793
1
0
1
0
1
0
Frame 794
1
0
1
1
0
0
Frame 795
0
1
1
1
0
0
Frame 796
0
1
1
1
0
0
Frame 797
0
1
1
1
0
0
Frame 798
0
1
1
1
1
0
Frame 799
0
1
1
1
0
0
Frame 800
0
1
1
0
1
0
Frame 801
0
0
1
1
1
1
0
Frame 802
0
0
1
1
1
0
0
Frame 803
0
0
1
1
1
0
0
Frame 804
1
0
0
1
1
1
1
0
Frame 805
1
0
0
1
1
1
0
Frame 806
1
0
0
1
1
1
1
0
Frame 807
1
0
1
1
0
0
Frame 808
1
0
1
1
1
1
0
Frame 809
0
1
1
0
0
0
Frame 810
0
0
1
1
0
1
0
Frame 811
0
0
1
1
0
0
Frame 812
0
0
1
1
1
0
Frame 813
0
0
1
1
1
0
Frame 814
0
0
1
1
1
0
Frame 815
0
0
1
1
1
1
0
Frame 816
0
0
1
1
1
1
0
Frame 817
1
0
0
1
1
1
1
0
Frame 818
1
0
0
1
1
1
1
0
Frame 819
0
0
1
1
1
1
0
Frame 820
0
0
1
1
1
1
0
Frame 821
0
0
1
1
1
1
0
Frame 822
0
0
1
1
1
1
0
Frame 823
0
0
1
1
0
1
0
Frame 824
0
0
1
1
1
0
0
Frame 825
0
0
1
1
1
1
0
Frame 826
0
0
1
1
1
1
0
Frame 827
0
1
1
1
0
0
Frame 828
0
0
1
1
1
1
0
0
Frame 829
1
0
1
0
1
1
1
1
0
Frame 830
1
0
1
0
1
1
0
0
Frame 831
1
0
0
0
1
1
1
0
0
Frame 832
1
0
1
0
1
1
0
0
Frame 833
1
0
1
0
1
1
1
0
0
Frame 834
1
0
1
0
1
1
1
0
0
Frame 835
1
0
0
0
1
1
1
0
0
Frame 836
1
0
0
0
1
1
1
0
1
0
Frame 837
1
0
0
0
1
1
1
0
1
0
Frame 838
1
0
0
0
1
1
1
0
0
Frame 839
1
0
0
1
1
1
1
0
Frame 840
1
0
0
1
1
1
1
0
Frame 841
1
0
0
1
1
1
0
0
Frame 842
1
0
0
1
1
1
0
0
Frame 843
1
0
0
1
1
1
0
0
Frame 844
1
0
0
1
1
1
0
0
Frame 845
1
0
0
1
1
1
0
0
Frame 846
1
0
0
1
1
1
0
0
Frame 847
1
0
0
1
1
1
0
0
Frame 848
1
0
0
1
1
1
0
0
Frame 849
1
0
0
1
1
1
0
0
Frame 850
1
0
0
1
1
1
0
Frame 851
1
0
0
1
1
1
0
0
Frame 852
1
0
0
1
1
1
0
Frame 853
1
0
0
1
1
1
0
Frame 854
1
0
0
1
1
1
0
0
Frame 855
1
0
0
1
1
1
1
0
Frame 856
1
0
0
1
1
1
0
0
Frame 857
1
0
0
1
1
1
0
Frame 858
1
0
0
1
1
1
0
Frame 859
1
0
0
1
1
1
0
0
Frame 860
1
0
0
1
1
1
0
0
Frame 861
1
0
0
1
1
1
0
1
0
Frame 862
1
0
0
1
1
1
0
0
Frame 863
1
0
0
1
1
1
1
0
Frame 864
1
0
0
1
1
1
0
1
Frame 865
0
1
0
1
1
1
0
0
Frame 866
0
1
0
1
1
1
1
0
Frame 867
0
1
0
1
1
1
1
0
Frame 868
1
0
0
1
1
1
1
0
Frame 869
1
0
0
1
1
1
0
Frame 870
1
0
0
1
1
1
0
0
Frame 871
1
0
0
1
1
1
1
1
0
Frame 872
1
0
0
1
1
1
1
1
0
Frame 873
0
1
0
1
1
1
1
0
0
Frame 874
0
1
0
1
1
1
0
Frame 875
0
1
0
1
1
1
0
Frame 876
0
1
0
1
1
1
0
Frame 877
0
1
0
1
1
1
1
Frame 878
0
1
0
1
1
1
0
Frame 879
0
1
0
1
1
1
0
Frame 880
0
1
0
1
1
1
0
Frame 881
0
1
0
1
1
1
0
Frame 882
0
1
0
1
1
1
0
Frame 883
0
1
0
1
1
1
0
Frame 884
0
1
0
1
1
1
0
Frame 885
0
0
1
1
1
1
0
Frame 886
0
0
1
1
1
1
0
Frame 887
0
0
1
1
1
1
0
Frame 888
0
0
1
1
1
1
1
Frame 889
0
0
1
1
1
1
0
Frame 890
0
0
1
1
1
1
1
Frame 891
0
0
1
1
1
1
0
Frame 892
0
0
1
1
1
1
0
Frame 893
0
0
1
1
1
1
0
Frame 894
0
0
1
1
1
1
1
Frame 895
0
0
1
1
1
1
1
Frame 896
0
0
1
1
1
1
1
Frame 897
0
0
1
1
1
0
1
Frame 898
0
0
1
1
1
1
1
Frame 899
0
0
1
1
1
0
1
Frame 900
0
0
1
1
1
1
Frame 901
0
0
1
1
1
1
0
1
Frame 902
0
0
1
1
1
0
1
Frame 903
0
0
1
1
1
0
1
Frame 904
0
0
1
1
1
0
Frame 905
0
0
1
1
0
1
Frame 906
0
0
1
1
0
1
Frame 907
0
0
1
1
0
1
Frame 908
0
0
1
1
0
1
Frame 909
0
0
1
1
0
1
Frame 910
0
0
1
1
0
1
Frame 911
0
0
1
1
0
1
Frame 912
0
0
1
1
1
1
Frame 913
0
0
1
1
1
1
Frame 914
0
0
1
1
0
1
Frame 915
0
0
1
1
1
1
Frame 916
0
0
1
1
0
1
Frame 917
0
0
1
1
0
1
Frame 918
0
0
1
1
1
1
Frame 919
0
0
1
1
0
1
Frame 920
0
0
1
1
1
1
Frame 921
0
0
1
1
1
1
Frame 922
0
0
1
1
1
1
Frame 923
0
0
1
1
1
Frame 924
0
0
1
1
1
Frame 925
0
0
1
1
0
Frame 926
0
0
1
1
0
Frame 927
0
0
1
1
0
Frame 928
0
0
1
1
0
Frame 929
0
0
1
1
0
Frame 930
0
0
1
1
0
Frame 931
0
0
1
1
0
Frame 932
0
0
1
1
0
Frame 933
0
1
0
1
0
Frame 934
0
0
1
1
0
Frame 935
0
0
1
1
0
Frame 936
0
1
0
1
0
Frame 937
0
0
1
1
0
Frame 938
0
0
1
1
0
Frame 939
0
0
1
0
Frame 940
0
0
1
0
Frame 941
0
0
1
0
Frame 942
0
0
1
0
Frame 943
0
0
1
0
Frame 944
0
0
1
0
Frame 945
0
0
1
0
Frame 946
0
0
1
0
Frame 947
0
0
1
0
Frame 948
0
1
1
0
Frame 949
0
0
1
0
Frame 950
0
1
1
0
Frame 951
0
1
0
1
0
Frame 952
0
1
1
0
Frame 953
0
0
1
1
0
Frame 954
0
1
0
1
0
Frame 955
1
0
0
1
0
Frame 956
0
0
1
0
Frame 957
0
1
0
1
0
Frame 958
0
0
1
1
0
1
Frame 959
0
0
1
1
0
1
1
Frame 960
0
0
1
1
0
Frame 961
0
0
1
1
0
1
Frame 962
0
0
1
1
0
1
1
Frame 963
0
0
1
1
1
0
1
Frame 964
0
0
1
1
1
0
Frame 965
0
0
1
1
1
0
1
Frame 966
0
0
1
1
1
0
1
Frame 967
0
0
1
1
1
0
1
Frame 968
0
0
1
1
0
1
Frame 969
0
0
1
1
0
1
Frame 970
0
0
1
1
0
1
Frame 971
0
0
1
1
0
1
0
Frame 972
0
0
1
1
0
1
1
1
1
Frame 973
0
0
1
1
0
0
1
1
Frame 974
0
0
1
1
0
0
1
1
Frame 975
0
0
1
1
0
1
0
1
Frame 976
0
0
1
1
0
1
0
1
